0 info it worked if it ends with ok
1 verbose cli [ 'C:\\Program Files\\nodejs\\node.exe',
1 verbose cli   'C:\\Users\\hoanganh25991\\AppData\\Roaming\\npm\\node_modules\\npm\\bin\\npm-cli.js',
1 verbose cli   'install',
1 verbose cli   '--save',
1 verbose cli   'sleep' ]
2 info using npm@3.10.5
3 info using node@v4.4.7
4 silly loadCurrentTree Starting
5 silly install loadCurrentTree
6 silly install readLocalPackageData
7 silly fetchPackageMetaData sleep
8 silly fetchNamedPackageData sleep
9 silly mapToRegistry name sleep
10 silly mapToRegistry using default registry
11 silly mapToRegistry registry https://registry.npmjs.org/
12 silly mapToRegistry data Result {
12 silly mapToRegistry   raw: 'sleep',
12 silly mapToRegistry   scope: null,
12 silly mapToRegistry   escapedName: 'sleep',
12 silly mapToRegistry   name: 'sleep',
12 silly mapToRegistry   rawSpec: '',
12 silly mapToRegistry   spec: 'latest',
12 silly mapToRegistry   type: 'tag' }
13 silly mapToRegistry uri https://registry.npmjs.org/sleep
14 verbose request uri https://registry.npmjs.org/sleep
15 verbose request no auth needed
16 info attempt registry request try #1 at 12:05:11 AM
17 verbose request id f8d05ee36c1e6aa6
18 verbose etag "8IEFEDYWYB38NP701Z30947N8"
19 http request GET https://registry.npmjs.org/sleep
20 http 304 https://registry.npmjs.org/sleep
21 verbose headers { date: 'Tue, 30 Aug 2016 17:03:53 GMT',
21 verbose headers   via: '1.1 varnish',
21 verbose headers   'cache-control': 'max-age=300',
21 verbose headers   etag: '"8IEFEDYWYB38NP701Z30947N8"',
21 verbose headers   age: '85',
21 verbose headers   connection: 'keep-alive',
21 verbose headers   'x-served-by': 'cache-hkg6826-HKG',
21 verbose headers   'x-cache': 'HIT',
21 verbose headers   'x-cache-hits': '1',
21 verbose headers   'x-timer': 'S1472576633.891808,VS0,VE0',
21 verbose headers   vary: 'Accept-Encoding' }
22 silly get cb [ 304,
22 silly get   { date: 'Tue, 30 Aug 2016 17:03:53 GMT',
22 silly get     via: '1.1 varnish',
22 silly get     'cache-control': 'max-age=300',
22 silly get     etag: '"8IEFEDYWYB38NP701Z30947N8"',
22 silly get     age: '85',
22 silly get     connection: 'keep-alive',
22 silly get     'x-served-by': 'cache-hkg6826-HKG',
22 silly get     'x-cache': 'HIT',
22 silly get     'x-cache-hits': '1',
22 silly get     'x-timer': 'S1472576633.891808,VS0,VE0',
22 silly get     vary: 'Accept-Encoding' } ]
23 verbose etag https://registry.npmjs.org/sleep from cache
24 verbose get saving sleep to C:\Users\hoanganh25991\AppData\Roaming\npm-cache\registry.npmjs.org\sleep\.cache.json
25 verbose correctMkdir C:\Users\hoanganh25991\AppData\Roaming\npm-cache correctMkdir not in flight; initializing
26 silly install normalizeTree
27 silly loadCurrentTree Finishing
28 silly loadIdealTree Starting
29 silly install loadIdealTree
30 silly cloneCurrentTree Starting
31 silly install cloneCurrentTreeToIdealTree
32 silly cloneCurrentTree Finishing
33 silly loadShrinkwrap Starting
34 silly install loadShrinkwrap
35 silly loadShrinkwrap Finishing
36 silly loadAllDepsIntoIdealTree Starting
37 silly install loadAllDepsIntoIdealTree
38 silly resolveWithNewModule sleep@3.0.1 checking installable status
39 silly cache add args [ 'sleep', null ]
40 verbose cache add spec sleep
41 silly cache add parsed spec Result {
41 silly cache add   raw: 'sleep',
41 silly cache add   scope: null,
41 silly cache add   escapedName: 'sleep',
41 silly cache add   name: 'sleep',
41 silly cache add   rawSpec: '',
41 silly cache add   spec: 'latest',
41 silly cache add   type: 'tag' }
42 silly addNamed sleep@latest
43 verbose addNamed "latest" is being treated as a dist-tag for sleep
44 info addNameTag [ 'sleep', 'latest' ]
45 silly mapToRegistry name sleep
46 silly mapToRegistry using default registry
47 silly mapToRegistry registry https://registry.npmjs.org/
48 silly mapToRegistry data Result {
48 silly mapToRegistry   raw: 'sleep',
48 silly mapToRegistry   scope: null,
48 silly mapToRegistry   escapedName: 'sleep',
48 silly mapToRegistry   name: 'sleep',
48 silly mapToRegistry   rawSpec: '',
48 silly mapToRegistry   spec: 'latest',
48 silly mapToRegistry   type: 'tag' }
49 silly mapToRegistry uri https://registry.npmjs.org/sleep
50 verbose addNameTag registry:https://registry.npmjs.org/sleep not in flight; fetching
51 verbose get https://registry.npmjs.org/sleep not expired, no request
52 silly addNameTag next cb for sleep with tag latest
53 silly addNamed sleep@3.0.1
54 verbose addNamed "3.0.1" is a plain semver version for sleep
55 silly cache afterAdd sleep@3.0.1
56 verbose afterAdd C:\Users\hoanganh25991\AppData\Roaming\npm-cache\sleep\3.0.1\package\package.json not in flight; writing
57 verbose correctMkdir C:\Users\hoanganh25991\AppData\Roaming\npm-cache correctMkdir not in flight; initializing
58 verbose afterAdd C:\Users\hoanganh25991\AppData\Roaming\npm-cache\sleep\3.0.1\package\package.json written
59 silly loadAllDepsIntoIdealTree Finishing
60 silly loadIdealTree Finishing
61 silly currentTree johnny-five-get-started@1.0.0
61 silly currentTree +-- ansi-regex@2.0.0
61 silly currentTree +-- ansi-styles@2.2.1
61 silly currentTree +-- bindings@1.2.1
61 silly currentTree +-- browser-serialport@2.0.3
61 silly currentTree +-- chalk@1.1.3
61 silly currentTree +-- color-convert@1.2.2
61 silly currentTree +-- commander@2.9.0
61 silly currentTree +-- debug@2.2.0
61 silly currentTree +-- define-properties@1.1.2
61 silly currentTree +-- ease-component@1.0.0
61 silly currentTree +-- es6-promise@3.2.1
61 silly currentTree +-- es6-shim@0.35.1
61 silly currentTree +-- escape-string-regexp@1.0.5
61 silly currentTree +-- firmata@0.14.1
61 silly currentTree +-- foreach@2.0.5
61 silly currentTree +-- function-bind@1.1.0
61 silly currentTree +-- graceful-readlink@1.0.1
61 silly currentTree +-- has-ansi@2.0.0
61 silly currentTree +-- johnny-five@0.10.0
61 silly currentTree +-- lodash.clonedeep@4.5.0
61 silly currentTree +-- lodash.debounce@4.0.8
61 silly currentTree +-- ms@0.7.1
61 silly currentTree +-- nan@2.4.0
61 silly currentTree +-- nanotimer@0.3.10
61 silly currentTree +-- object-keys@1.0.11
61 silly currentTree +-- object.assign@4.0.4
61 silly currentTree +-- readline@1.3.0
61 silly currentTree +-- serialport@4.0.1
61 silly currentTree | `-- node-pre-gyp@0.6.29
61 silly currentTree |   +-- mkdirp@0.5.1
61 silly currentTree |   | `-- minimist@0.0.8
61 silly currentTree |   +-- nopt@3.0.6
61 silly currentTree |   | `-- abbrev@1.0.9
61 silly currentTree |   +-- npmlog@3.1.2
61 silly currentTree |   | +-- are-we-there-yet@1.1.2
61 silly currentTree |   | | +-- delegates@1.0.0
61 silly currentTree |   | | `-- readable-stream@2.1.4
61 silly currentTree |   | |   +-- buffer-shims@1.0.0
61 silly currentTree |   | |   +-- core-util-is@1.0.2
61 silly currentTree |   | |   +-- inherits@2.0.1
61 silly currentTree |   | |   +-- isarray@1.0.0
61 silly currentTree |   | |   +-- process-nextick-args@1.0.7
61 silly currentTree |   | |   +-- string_decoder@0.10.31
61 silly currentTree |   | |   `-- util-deprecate@1.0.2
61 silly currentTree |   | +-- console-control-strings@1.1.0
61 silly currentTree |   | +-- gauge@2.6.0
61 silly currentTree |   | | +-- aproba@1.0.4
61 silly currentTree |   | | +-- has-color@0.1.7
61 silly currentTree |   | | +-- has-unicode@2.0.1
61 silly currentTree |   | | +-- object-assign@4.1.0
61 silly currentTree |   | | +-- signal-exit@3.0.0
61 silly currentTree |   | | +-- string-width@1.0.1
61 silly currentTree |   | | | +-- code-point-at@1.0.0
61 silly currentTree |   | | | | `-- number-is-nan@1.0.0
61 silly currentTree |   | | | `-- is-fullwidth-code-point@1.0.0
61 silly currentTree |   | | |   `-- number-is-nan@1.0.0
61 silly currentTree |   | | +-- strip-ansi@3.0.1
61 silly currentTree |   | | | `-- ansi-regex@2.0.0
61 silly currentTree |   | | `-- wide-align@1.1.0
61 silly currentTree |   | `-- set-blocking@2.0.0
61 silly currentTree |   +-- rc@1.1.6
61 silly currentTree |   | +-- deep-extend@0.4.1
61 silly currentTree |   | +-- ini@1.3.4
61 silly currentTree |   | +-- minimist@1.2.0
61 silly currentTree |   | `-- strip-json-comments@1.0.4
61 silly currentTree |   +-- request@2.73.0
61 silly currentTree |   | +-- aws-sign2@0.6.0
61 silly currentTree |   | +-- aws4@1.4.1
61 silly currentTree |   | +-- bl@1.1.2
61 silly currentTree |   | | `-- readable-stream@2.0.6
61 silly currentTree |   | |   +-- core-util-is@1.0.2
61 silly currentTree |   | |   +-- inherits@2.0.1
61 silly currentTree |   | |   +-- isarray@1.0.0
61 silly currentTree |   | |   +-- process-nextick-args@1.0.7
61 silly currentTree |   | |   +-- string_decoder@0.10.31
61 silly currentTree |   | |   `-- util-deprecate@1.0.2
61 silly currentTree |   | +-- caseless@0.11.0
61 silly currentTree |   | +-- combined-stream@1.0.5
61 silly currentTree |   | | `-- delayed-stream@1.0.0
61 silly currentTree |   | +-- extend@3.0.0
61 silly currentTree |   | +-- forever-agent@0.6.1
61 silly currentTree |   | +-- form-data@1.0.0-rc4
61 silly currentTree |   | | `-- async@1.5.2
61 silly currentTree |   | +-- har-validator@2.0.6
61 silly currentTree |   | | +-- chalk@1.1.3
61 silly currentTree |   | | | +-- ansi-styles@2.2.1
61 silly currentTree |   | | | +-- escape-string-regexp@1.0.5
61 silly currentTree |   | | | +-- has-ansi@2.0.0
61 silly currentTree |   | | | | `-- ansi-regex@2.0.0
61 silly currentTree |   | | | +-- strip-ansi@3.0.1
61 silly currentTree |   | | | | `-- ansi-regex@2.0.0
61 silly currentTree |   | | | `-- supports-color@2.0.0
61 silly currentTree |   | | +-- is-my-json-valid@2.13.1
61 silly currentTree |   | | | +-- generate-function@2.0.0
61 silly currentTree |   | | | +-- generate-object-property@1.2.0
61 silly currentTree |   | | | | `-- is-property@1.0.2
61 silly currentTree |   | | | +-- jsonpointer@2.0.0
61 silly currentTree |   | | | `-- xtend@4.0.1
61 silly currentTree |   | | `-- pinkie-promise@2.0.1
61 silly currentTree |   | |   `-- pinkie@2.0.4
61 silly currentTree |   | +-- hawk@3.1.3
61 silly currentTree |   | | +-- boom@2.10.1
61 silly currentTree |   | | +-- cryptiles@2.0.5
61 silly currentTree |   | | +-- hoek@2.16.3
61 silly currentTree |   | | `-- sntp@1.0.9
61 silly currentTree |   | +-- http-signature@1.1.1
61 silly currentTree |   | | +-- assert-plus@0.2.0
61 silly currentTree |   | | +-- jsprim@1.3.0
61 silly currentTree |   | | | +-- extsprintf@1.0.2
61 silly currentTree |   | | | +-- json-schema@0.2.2
61 silly currentTree |   | | | `-- verror@1.3.6
61 silly currentTree |   | | `-- sshpk@1.8.3
61 silly currentTree |   | |   +-- asn1@0.2.3
61 silly currentTree |   | |   +-- assert-plus@1.0.0
61 silly currentTree |   | |   +-- dashdash@1.14.0
61 silly currentTree |   | |   +-- ecc-jsbn@0.1.1
61 silly currentTree |   | |   +-- getpass@0.1.6
61 silly currentTree |   | |   +-- jodid25519@1.0.2
61 silly currentTree |   | |   +-- jsbn@0.1.0
61 silly currentTree |   | |   `-- tweetnacl@0.13.3
61 silly currentTree |   | +-- is-typedarray@1.0.0
61 silly currentTree |   | +-- isstream@0.1.2
61 silly currentTree |   | +-- json-stringify-safe@5.0.1
61 silly currentTree |   | +-- mime-types@2.1.11
61 silly currentTree |   | | `-- mime-db@1.23.0
61 silly currentTree |   | +-- node-uuid@1.4.7
61 silly currentTree |   | +-- oauth-sign@0.8.2
61 silly currentTree |   | +-- qs@6.2.0
61 silly currentTree |   | +-- stringstream@0.0.5
61 silly currentTree |   | +-- tough-cookie@2.2.2
61 silly currentTree |   | `-- tunnel-agent@0.4.3
61 silly currentTree |   +-- rimraf@2.5.3
61 silly currentTree |   | `-- glob@7.0.5
61 silly currentTree |   |   +-- fs.realpath@1.0.0
61 silly currentTree |   |   +-- inflight@1.0.5
61 silly currentTree |   |   | `-- wrappy@1.0.2
61 silly currentTree |   |   +-- inherits@2.0.1
61 silly currentTree |   |   +-- minimatch@3.0.2
61 silly currentTree |   |   | `-- brace-expansion@1.1.5
61 silly currentTree |   |   |   +-- balanced-match@0.4.1
61 silly currentTree |   |   |   `-- concat-map@0.0.1
61 silly currentTree |   |   +-- once@1.3.3
61 silly currentTree |   |   | `-- wrappy@1.0.2
61 silly currentTree |   |   `-- path-is-absolute@1.0.0
61 silly currentTree |   +-- semver@5.2.0
61 silly currentTree |   +-- tar-pack@3.1.4
61 silly currentTree |   | +-- fstream-ignore@1.0.5
61 silly currentTree |   | | +-- inherits@2.0.1
61 silly currentTree |   | | `-- minimatch@3.0.2
61 silly currentTree |   | |   `-- brace-expansion@1.1.5
61 silly currentTree |   | |     +-- balanced-match@0.4.1
61 silly currentTree |   | |     `-- concat-map@0.0.1
61 silly currentTree |   | +-- fstream@1.0.10
61 silly currentTree |   | | +-- graceful-fs@4.1.4
61 silly currentTree |   | | `-- inherits@2.0.1
61 silly currentTree |   | +-- once@1.3.3
61 silly currentTree |   | | `-- wrappy@1.0.2
61 silly currentTree |   | +-- readable-stream@2.1.4
61 silly currentTree |   | | +-- buffer-shims@1.0.0
61 silly currentTree |   | | +-- core-util-is@1.0.2
61 silly currentTree |   | | +-- inherits@2.0.1
61 silly currentTree |   | | +-- isarray@1.0.0
61 silly currentTree |   | | +-- process-nextick-args@1.0.7
61 silly currentTree |   | | +-- string_decoder@0.10.31
61 silly currentTree |   | | `-- util-deprecate@1.0.2
61 silly currentTree |   | `-- uid-number@0.0.6
61 silly currentTree |   `-- tar@2.2.1
61 silly currentTree |     +-- block-stream@0.0.9
61 silly currentTree |     +-- fstream@1.0.10
61 silly currentTree |     | `-- graceful-fs@4.1.4
61 silly currentTree |     `-- inherits@2.0.1
61 silly currentTree +-- strip-ansi@3.0.1
61 silly currentTree +-- supports-color@2.0.0
61 silly currentTree `-- temporal@0.5.0
62 silly idealTree johnny-five-get-started@1.0.0
62 silly idealTree +-- ansi-regex@2.0.0
62 silly idealTree +-- ansi-styles@2.2.1
62 silly idealTree +-- bindings@1.2.1
62 silly idealTree +-- browser-serialport@2.0.3
62 silly idealTree +-- chalk@1.1.3
62 silly idealTree +-- color-convert@1.2.2
62 silly idealTree +-- commander@2.9.0
62 silly idealTree +-- debug@2.2.0
62 silly idealTree +-- define-properties@1.1.2
62 silly idealTree +-- ease-component@1.0.0
62 silly idealTree +-- es6-promise@3.2.1
62 silly idealTree +-- es6-shim@0.35.1
62 silly idealTree +-- escape-string-regexp@1.0.5
62 silly idealTree +-- firmata@0.14.1
62 silly idealTree +-- foreach@2.0.5
62 silly idealTree +-- function-bind@1.1.0
62 silly idealTree +-- graceful-readlink@1.0.1
62 silly idealTree +-- has-ansi@2.0.0
62 silly idealTree +-- johnny-five@0.10.0
62 silly idealTree +-- lodash.clonedeep@4.5.0
62 silly idealTree +-- lodash.debounce@4.0.8
62 silly idealTree +-- ms@0.7.1
62 silly idealTree +-- nan@2.4.0
62 silly idealTree +-- nanotimer@0.3.10
62 silly idealTree +-- object-keys@1.0.11
62 silly idealTree +-- object.assign@4.0.4
62 silly idealTree +-- readline@1.3.0
62 silly idealTree +-- serialport@4.0.1
62 silly idealTree | `-- node-pre-gyp@0.6.29
62 silly idealTree |   +-- mkdirp@0.5.1
62 silly idealTree |   | `-- minimist@0.0.8
62 silly idealTree |   +-- nopt@3.0.6
62 silly idealTree |   | `-- abbrev@1.0.9
62 silly idealTree |   +-- npmlog@3.1.2
62 silly idealTree |   | +-- are-we-there-yet@1.1.2
62 silly idealTree |   | | +-- delegates@1.0.0
62 silly idealTree |   | | `-- readable-stream@2.1.4
62 silly idealTree |   | |   +-- buffer-shims@1.0.0
62 silly idealTree |   | |   +-- core-util-is@1.0.2
62 silly idealTree |   | |   +-- inherits@2.0.1
62 silly idealTree |   | |   +-- isarray@1.0.0
62 silly idealTree |   | |   +-- process-nextick-args@1.0.7
62 silly idealTree |   | |   +-- string_decoder@0.10.31
62 silly idealTree |   | |   `-- util-deprecate@1.0.2
62 silly idealTree |   | +-- console-control-strings@1.1.0
62 silly idealTree |   | +-- gauge@2.6.0
62 silly idealTree |   | | +-- aproba@1.0.4
62 silly idealTree |   | | +-- has-color@0.1.7
62 silly idealTree |   | | +-- has-unicode@2.0.1
62 silly idealTree |   | | +-- object-assign@4.1.0
62 silly idealTree |   | | +-- signal-exit@3.0.0
62 silly idealTree |   | | +-- string-width@1.0.1
62 silly idealTree |   | | | +-- code-point-at@1.0.0
62 silly idealTree |   | | | | `-- number-is-nan@1.0.0
62 silly idealTree |   | | | `-- is-fullwidth-code-point@1.0.0
62 silly idealTree |   | | |   `-- number-is-nan@1.0.0
62 silly idealTree |   | | +-- strip-ansi@3.0.1
62 silly idealTree |   | | | `-- ansi-regex@2.0.0
62 silly idealTree |   | | `-- wide-align@1.1.0
62 silly idealTree |   | `-- set-blocking@2.0.0
62 silly idealTree |   +-- rc@1.1.6
62 silly idealTree |   | +-- deep-extend@0.4.1
62 silly idealTree |   | +-- ini@1.3.4
62 silly idealTree |   | +-- minimist@1.2.0
62 silly idealTree |   | `-- strip-json-comments@1.0.4
62 silly idealTree |   +-- request@2.73.0
62 silly idealTree |   | +-- aws-sign2@0.6.0
62 silly idealTree |   | +-- aws4@1.4.1
62 silly idealTree |   | +-- bl@1.1.2
62 silly idealTree |   | | `-- readable-stream@2.0.6
62 silly idealTree |   | |   +-- core-util-is@1.0.2
62 silly idealTree |   | |   +-- inherits@2.0.1
62 silly idealTree |   | |   +-- isarray@1.0.0
62 silly idealTree |   | |   +-- process-nextick-args@1.0.7
62 silly idealTree |   | |   +-- string_decoder@0.10.31
62 silly idealTree |   | |   `-- util-deprecate@1.0.2
62 silly idealTree |   | +-- caseless@0.11.0
62 silly idealTree |   | +-- combined-stream@1.0.5
62 silly idealTree |   | | `-- delayed-stream@1.0.0
62 silly idealTree |   | +-- extend@3.0.0
62 silly idealTree |   | +-- forever-agent@0.6.1
62 silly idealTree |   | +-- form-data@1.0.0-rc4
62 silly idealTree |   | | `-- async@1.5.2
62 silly idealTree |   | +-- har-validator@2.0.6
62 silly idealTree |   | | +-- chalk@1.1.3
62 silly idealTree |   | | | +-- ansi-styles@2.2.1
62 silly idealTree |   | | | +-- escape-string-regexp@1.0.5
62 silly idealTree |   | | | +-- has-ansi@2.0.0
62 silly idealTree |   | | | | `-- ansi-regex@2.0.0
62 silly idealTree |   | | | +-- strip-ansi@3.0.1
62 silly idealTree |   | | | | `-- ansi-regex@2.0.0
62 silly idealTree |   | | | `-- supports-color@2.0.0
62 silly idealTree |   | | +-- is-my-json-valid@2.13.1
62 silly idealTree |   | | | +-- generate-function@2.0.0
62 silly idealTree |   | | | +-- generate-object-property@1.2.0
62 silly idealTree |   | | | | `-- is-property@1.0.2
62 silly idealTree |   | | | +-- jsonpointer@2.0.0
62 silly idealTree |   | | | `-- xtend@4.0.1
62 silly idealTree |   | | `-- pinkie-promise@2.0.1
62 silly idealTree |   | |   `-- pinkie@2.0.4
62 silly idealTree |   | +-- hawk@3.1.3
62 silly idealTree |   | | +-- boom@2.10.1
62 silly idealTree |   | | +-- cryptiles@2.0.5
62 silly idealTree |   | | +-- hoek@2.16.3
62 silly idealTree |   | | `-- sntp@1.0.9
62 silly idealTree |   | +-- http-signature@1.1.1
62 silly idealTree |   | | +-- assert-plus@0.2.0
62 silly idealTree |   | | +-- jsprim@1.3.0
62 silly idealTree |   | | | +-- extsprintf@1.0.2
62 silly idealTree |   | | | +-- json-schema@0.2.2
62 silly idealTree |   | | | `-- verror@1.3.6
62 silly idealTree |   | | `-- sshpk@1.8.3
62 silly idealTree |   | |   +-- asn1@0.2.3
62 silly idealTree |   | |   +-- assert-plus@1.0.0
62 silly idealTree |   | |   +-- dashdash@1.14.0
62 silly idealTree |   | |   +-- ecc-jsbn@0.1.1
62 silly idealTree |   | |   +-- getpass@0.1.6
62 silly idealTree |   | |   +-- jodid25519@1.0.2
62 silly idealTree |   | |   +-- jsbn@0.1.0
62 silly idealTree |   | |   `-- tweetnacl@0.13.3
62 silly idealTree |   | +-- is-typedarray@1.0.0
62 silly idealTree |   | +-- isstream@0.1.2
62 silly idealTree |   | +-- json-stringify-safe@5.0.1
62 silly idealTree |   | +-- mime-types@2.1.11
62 silly idealTree |   | | `-- mime-db@1.23.0
62 silly idealTree |   | +-- node-uuid@1.4.7
62 silly idealTree |   | +-- oauth-sign@0.8.2
62 silly idealTree |   | +-- qs@6.2.0
62 silly idealTree |   | +-- stringstream@0.0.5
62 silly idealTree |   | +-- tough-cookie@2.2.2
62 silly idealTree |   | `-- tunnel-agent@0.4.3
62 silly idealTree |   +-- rimraf@2.5.3
62 silly idealTree |   | `-- glob@7.0.5
62 silly idealTree |   |   +-- fs.realpath@1.0.0
62 silly idealTree |   |   +-- inflight@1.0.5
62 silly idealTree |   |   | `-- wrappy@1.0.2
62 silly idealTree |   |   +-- inherits@2.0.1
62 silly idealTree |   |   +-- minimatch@3.0.2
62 silly idealTree |   |   | `-- brace-expansion@1.1.5
62 silly idealTree |   |   |   +-- balanced-match@0.4.1
62 silly idealTree |   |   |   `-- concat-map@0.0.1
62 silly idealTree |   |   +-- once@1.3.3
62 silly idealTree |   |   | `-- wrappy@1.0.2
62 silly idealTree |   |   `-- path-is-absolute@1.0.0
62 silly idealTree |   +-- semver@5.2.0
62 silly idealTree |   +-- tar-pack@3.1.4
62 silly idealTree |   | +-- fstream-ignore@1.0.5
62 silly idealTree |   | | +-- inherits@2.0.1
62 silly idealTree |   | | `-- minimatch@3.0.2
62 silly idealTree |   | |   `-- brace-expansion@1.1.5
62 silly idealTree |   | |     +-- balanced-match@0.4.1
62 silly idealTree |   | |     `-- concat-map@0.0.1
62 silly idealTree |   | +-- fstream@1.0.10
62 silly idealTree |   | | +-- graceful-fs@4.1.4
62 silly idealTree |   | | `-- inherits@2.0.1
62 silly idealTree |   | +-- once@1.3.3
62 silly idealTree |   | | `-- wrappy@1.0.2
62 silly idealTree |   | +-- readable-stream@2.1.4
62 silly idealTree |   | | +-- buffer-shims@1.0.0
62 silly idealTree |   | | +-- core-util-is@1.0.2
62 silly idealTree |   | | +-- inherits@2.0.1
62 silly idealTree |   | | +-- isarray@1.0.0
62 silly idealTree |   | | +-- process-nextick-args@1.0.7
62 silly idealTree |   | | +-- string_decoder@0.10.31
62 silly idealTree |   | | `-- util-deprecate@1.0.2
62 silly idealTree |   | `-- uid-number@0.0.6
62 silly idealTree |   `-- tar@2.2.1
62 silly idealTree |     +-- block-stream@0.0.9
62 silly idealTree |     +-- fstream@1.0.10
62 silly idealTree |     | `-- graceful-fs@4.1.4
62 silly idealTree |     `-- inherits@2.0.1
62 silly idealTree +-- sleep@3.0.1
62 silly idealTree +-- strip-ansi@3.0.1
62 silly idealTree +-- supports-color@2.0.0
62 silly idealTree `-- temporal@0.5.0
63 silly generateActionsToTake Starting
64 silly install generateActionsToTake
65 silly generateActionsToTake Finishing
66 silly diffTrees action count 1
67 silly diffTrees add sleep@3.0.1
68 silly decomposeActions action count 8
69 silly decomposeActions fetch sleep@3.0.1
70 silly decomposeActions extract sleep@3.0.1
71 silly decomposeActions test sleep@3.0.1
72 silly decomposeActions preinstall sleep@3.0.1
73 silly decomposeActions build sleep@3.0.1
74 silly decomposeActions install sleep@3.0.1
75 silly decomposeActions postinstall sleep@3.0.1
76 silly decomposeActions finalize sleep@3.0.1
77 silly executeActions Starting
78 silly install executeActions
79 silly doSerial global-install 0
80 silly doParallel fetch 1
81 verbose correctMkdir C:\Users\hoanganh25991\AppData\Roaming\npm-cache\_locks correctMkdir not in flight; initializing
82 verbose lock using C:\Users\hoanganh25991\AppData\Roaming\npm-cache\_locks\staging-25901f9fd2f1ce0b.lock for d:\work-station\johnny-five-get-started\node_modules\.staging
83 silly doParallel extract 1
84 silly extract sleep@3.0.1
85 verbose unbuild node_modules\.staging\sleep-5544208c
86 silly gentlyRm d:\work-station\johnny-five-get-started\node_modules\.staging\sleep-5544208c is being purged from base d:\work-station\johnny-five-get-started
87 verbose gentlyRm don't care about contents; nuking d:\work-station\johnny-five-get-started\node_modules\.staging\sleep-5544208c
88 verbose tar unpack C:\Users\hoanganh25991\AppData\Roaming\npm-cache\sleep\3.0.1\package.tgz
89 verbose tar unpacking to d:\work-station\johnny-five-get-started\node_modules\.staging\sleep-5544208c
90 silly gentlyRm d:\work-station\johnny-five-get-started\node_modules\.staging\sleep-5544208c is being purged
91 verbose gentlyRm don't care about contents; nuking d:\work-station\johnny-five-get-started\node_modules\.staging\sleep-5544208c
92 silly gunzTarPerm modes [ '777', '666' ]
93 silly gunzTarPerm extractEntry package.json
94 silly gunzTarPerm modified mode [ 'package.json', 436, 438 ]
95 silly gunzTarPerm extractEntry .npmignore
96 silly gunzTarPerm modified mode [ '.npmignore', 436, 438 ]
97 silly gunzTarPerm extractEntry README.md
98 silly gunzTarPerm modified mode [ 'README.md', 436, 438 ]
99 silly gunzTarPerm extractEntry index.js
100 silly gunzTarPerm modified mode [ 'index.js', 436, 438 ]
101 silly gunzTarPerm extractEntry test.js
102 silly gunzTarPerm modified mode [ 'test.js', 436, 438 ]
103 silly gunzTarPerm extractEntry LICENSE.txt
104 silly gunzTarPerm modified mode [ 'LICENSE.txt', 436, 438 ]
105 silly gunzTarPerm extractEntry binding.gyp
106 silly gunzTarPerm modified mode [ 'binding.gyp', 436, 438 ]
107 silly gunzTarPerm extractEntry sleep.cc
108 silly gunzTarPerm modified mode [ 'sleep.cc', 436, 438 ]
109 silly gentlyRm d:\work-station\johnny-five-get-started\node_modules\.staging\sleep-5544208c\node_modules is being purged
110 verbose gentlyRm don't care about contents; nuking d:\work-station\johnny-five-get-started\node_modules\.staging\sleep-5544208c\node_modules
111 silly doParallel preinstall 1
112 silly preinstall sleep@3.0.1 d:\work-station\johnny-five-get-started\node_modules\.staging\sleep-5544208c
113 info lifecycle sleep@3.0.1~preinstall: sleep@3.0.1
114 silly lifecycle sleep@3.0.1~preinstall: no script for preinstall, continuing
115 silly doReverseSerial remove 0
116 silly doSerial move 0
117 silly doSerial finalize 1
118 silly finalize d:\work-station\johnny-five-get-started\node_modules\sleep
119 silly doSerial build 1
120 silly build sleep@3.0.1
121 info linkStuff sleep@3.0.1
122 silly linkStuff sleep@3.0.1 has d:\work-station\johnny-five-get-started\node_modules as its parent node_modules
123 verbose linkBins sleep@3.0.1
124 verbose linkMans sleep@3.0.1
125 silly doSerial global-link 0
126 silly doParallel update-linked 0
127 silly doSerial install 1
128 silly install sleep@3.0.1 d:\work-station\johnny-five-get-started\node_modules\.staging\sleep-5544208c
129 info lifecycle sleep@3.0.1~install: sleep@3.0.1
130 verbose lifecycle sleep@3.0.1~install: unsafe-perm in lifecycle true
131 verbose lifecycle sleep@3.0.1~install: PATH: C:\Users\hoanganh25991\AppData\Roaming\npm\node_modules\npm\bin\node-gyp-bin;d:\work-station\johnny-five-get-started\node_modules\sleep\node_modules\.bin;d:\work-station\johnny-five-get-started\node_modules\.bin;C:\Program Files\nodejs;C:\Program Files\cmder\bin;C:\Program Files\Git\bin;C:\Program Files\Git\usr\bin;C:\Program Files\Git\share\vim\vim74;C:\Program Files\cmder\vendor\conemu-maximus5\ConEmu\Scripts;C:\Program Files\cmder\vendor\conemu-maximus5;C:\Program Files\cmder\vendor\conemu-maximus5\ConEmu;C:\Python27\;C:\Python27\Scripts;C:\Program Files\Common Files\Microsoft Shared\Windows Live;C:\Program Files (x86)\Common Files\Microsoft Shared\Windows Live;C:\Program Files (x86)\NVIDIA Corporation\PhysX\Common;C:\Program Files (x86)\Intel\iCLS Client\;C:\Program Files\Intel\iCLS Client\;C:\Windows\system32;C:\Windows;C:\Windows\System32\Wbem;C:\Windows\System32\WindowsPowerShell\v1.0\;D:\program\php-5.6.22-Win32-VC11-x64;C:\ProgramData\ComposerSetup\bin;D:\program\cmder;C:\Program Files\Intel\Intel(R) Management Engine Components\DAL;C:\Program Files (x86)\Intel\Intel(R) Management Engine Components\DAL;C:\Program Files\Intel\Intel(R) Management Engine Components\IPT;C:\Program Files (x86)\Intel\Intel(R) Management Engine Components\IPT;C:\Program Files (x86)\Skype\Phone\;C:\Program Files\MySQL\MySQL Server 5.7\bin;C:\Program Files (x86)\Windows Live\Shared;C:\Program Files\Git\cmd;C:\HashiCorp\Vagrant\bin;D:\program\aapt;C:\Program Files\7-Zip;C:\Program Files\cmder;C:\Program Files\nodejs\;D:\program\java\bin;D:\program\spark;C:\Users\hoanganh25991\cygwin\bin;D:\program\phantomjs;C:\Program Files\VideoLAN\VLC;C:\Program Files\Everything;D:\program\phpunit;D:\program\android\sdk\tools;D:\program\android\sdk\platform-tools;C:\Users\hoanganh25991\AppData\Roaming\Composer\vendor\bin;C:\Program Files (x86)\Nmap;C:\Users\hoanganh25991\AppData\Roaming\npm;C:\Program Files\cmder
132 verbose lifecycle sleep@3.0.1~install: CWD: d:\work-station\johnny-five-get-started\node_modules\sleep
133 silly lifecycle sleep@3.0.1~install: Args: [ '/d /s /c', 'node-gyp rebuild' ]
134 silly lifecycle sleep@3.0.1~install: Returned: code: 1  signal: null
135 info lifecycle sleep@3.0.1~install: Failed to exec install script
136 verbose unlock done using C:\Users\hoanganh25991\AppData\Roaming\npm-cache\_locks\staging-25901f9fd2f1ce0b.lock for d:\work-station\johnny-five-get-started\node_modules\.staging
137 silly rollbackFailedOptional Starting
138 silly rollbackFailedOptional Finishing
139 silly runTopLevelLifecycles Starting
140 silly runTopLevelLifecycles Finishing
141 silly install printInstalled
142 warn johnny-five-get-started@1.0.0 No repository field.
143 verbose stack Error: sleep@3.0.1 install: `node-gyp rebuild`
143 verbose stack Exit status 1
143 verbose stack     at EventEmitter.<anonymous> (C:\Users\hoanganh25991\AppData\Roaming\npm\node_modules\npm\lib\utils\lifecycle.js:242:16)
143 verbose stack     at emitTwo (events.js:87:13)
143 verbose stack     at EventEmitter.emit (events.js:172:7)
143 verbose stack     at ChildProcess.<anonymous> (C:\Users\hoanganh25991\AppData\Roaming\npm\node_modules\npm\lib\utils\spawn.js:40:14)
143 verbose stack     at emitTwo (events.js:87:13)
143 verbose stack     at ChildProcess.emit (events.js:172:7)
143 verbose stack     at maybeClose (internal/child_process.js:827:16)
143 verbose stack     at Process.ChildProcess._handle.onexit (internal/child_process.js:211:5)
144 verbose pkgid sleep@3.0.1
145 verbose cwd d:\work-station\johnny-five-get-started
146 error Windows_NT 6.1.7601
147 error argv "C:\\Program Files\\nodejs\\node.exe" "C:\\Users\\hoanganh25991\\AppData\\Roaming\\npm\\node_modules\\npm\\bin\\npm-cli.js" "install" "--save" "sleep"
148 error node v4.4.7
149 error npm  v3.10.5
150 error code ELIFECYCLE
151 error sleep@3.0.1 install: `node-gyp rebuild`
151 error Exit status 1
152 error Failed at the sleep@3.0.1 install script 'node-gyp rebuild'.
152 error Make sure you have the latest version of node.js and npm installed.
152 error If you do, this is most likely a problem with the sleep package,
152 error not with npm itself.
152 error Tell the author that this fails on your system:
152 error     node-gyp rebuild
152 error You can get information on how to open an issue for this project with:
152 error     npm bugs sleep
152 error Or if that isn't available, you can get their info via:
152 error     npm owner ls sleep
152 error There is likely additional logging output above.
153 verbose exit [ 1, true ]
